c:\users\hualu\documents\github\eacpwned\eacspy\x64\release\eacspy.pch
c:\users\hualu\documents\github\eacpwned\eacspy\x64\release\vc143.pdb
c:\users\hualu\documents\github\eacpwned\eacspy\x64\release\pch.obj
c:\users\hualu\documents\github\eacpwned\eacspy\x64\release\utils.obj
c:\users\hualu\documents\github\eacpwned\eacspy\x64\release\eac_spy.obj
c:\users\hualu\documents\github\eacpwned\eacspy\x64\release\on_eac_entrypoint.obj
c:\users\hualu\documents\github\eacpwned\eacspy\x64\release\hooks.obj
c:\users\hualu\documents\github\eacpwned\eacspy\x64\release\disassembly.obj
c:\users\hualu\documents\github\eacpwned\eacspy\x64\release\dbg_symbols.obj
c:\users\hualu\documents\github\eacpwned\eacspy\x64\release\crash_handler.obj
c:\users\hualu\documents\github\eacpwned\x64\release\eacspy.dll
c:\users\hualu\documents\github\eacpwned\eacspy\x64\release\eacspy.ipdb
c:\users\hualu\documents\github\eacpwned\x64\release\eacspy.pdb
c:\users\hualu\documents\github\eacpwned\eacspy\x64\release\eacspy.iobj
c:\users\hualu\documents\github\eacpwned\x64\release\eacspy.lib
c:\users\hualu\documents\github\eacpwned\x64\release\eacspy.exp
c:\users\hualu\documents\github\eacpwned\eacspy\x64\release\eacspy.tlog\cl.command.1.tlog
c:\users\hualu\documents\github\eacpwned\eacspy\x64\release\eacspy.tlog\cl.read.1.tlog
c:\users\hualu\documents\github\eacpwned\eacspy\x64\release\eacspy.tlog\cl.write.1.tlog
c:\users\hualu\documents\github\eacpwned\eacspy\x64\release\eacspy.tlog\link.command.1.tlog
c:\users\hualu\documents\github\eacpwned\eacspy\x64\release\eacspy.tlog\link.read.1.tlog
c:\users\hualu\documents\github\eacpwned\eacspy\x64\release\eacspy.tlog\link.write.1.tlog
c:\users\hualu\documents\github\eacpwned\eacspy\x64\release\eacspy.tlog\link.write.2u.tlog
